# JRE version: OpenJDK Runtime Environment (8.0_292-b10) (build 1.8.0_292-b10)
# Java VM: OpenJDK 64-Bit Server VM (25.292-b10 mixed mode windows-amd64 compressed oops)
Heap:
 PSYoungGen      total 151552K, used 9553K [0x00000000f5580000, 0x0000000100000000, 0x0000000100000000)
  eden space 128512K, 3% used [0x00000000f5580000,0x00000000f59745a0,0x00000000fd300000)
  from space 23040K, 23% used [0x00000000fe980000,0x00000000feee0000,0x0000000100000000)
  to   space 23040K, 0% used [0x00000000fd300000,0x00000000fd300000,0x00000000fe980000)
 ParOldGen       total 309760K, used 201752K [0x00000000e0000000, 0x00000000f2e80000, 0x00000000f5580000)
  object space 309760K, 65% used [0x00000000e0000000,0x00000000ec506158,0x00000000f2e80000)
 Metaspace       used 129191K, capacity 137486K, committed 137600K, reserved 1169408K
  class space    used 16496K, capacity 18260K, committed 18304K, reserved 1048576K
GC Heap History (10 events):
Event: 501.434 GC heap before
{Heap before GC invocations=36 (full 4):
 PSYoungGen      total 150528K, used 141463K [0x00000000f5580000, 0x0000000100000000, 0x0000000100000000)
  eden space 126976K, 99% used [0x00000000f5580000,0x00000000fd179158,0x00000000fd180000)
  from space 23552K, 61% used [0x00000000fd180000,0x00000000fdfacca0,0x00000000fe880000)
  to   space 23552K, 0% used [0x00000000fe900000,0x00000000fe900000,0x0000000100000000)
 ParOldGen       total 309760K, used 176911K [0x00000000e0000000, 0x00000000f2e80000, 0x00000000f5580000)
  object space 309760K, 57% used [0x00000000e0000000,0x00000000eacc3ff0,0x00000000f2e80000)
 Metaspace       used 118554K, capacity 126530K, committed 126720K, reserved 1159168K
  class space    used 15437K, capacity 17060K, committed 17152K, reserved 1048576K
Event: 501.462 GC heap after
Heap after GC invocations=36 (full 4):
 PSYoungGen      total 150016K, used 13047K [0x00000000f5580000, 0x00000000fff00000, 0x0000000100000000)
  eden space 127488K, 0% used [0x00000000f5580000,0x00000000f5580000,0x00000000fd200000)
  from space 22528K, 57% used [0x00000000fe900000,0x00000000ff5bdcb0,0x00000000fff00000)
  to   space 23040K, 0% used [0x00000000fd200000,0x00000000fd200000,0x00000000fe880000)
 ParOldGen       total 309760K, used 184100K [0x00000000e0000000, 0x00000000f2e80000, 0x00000000f5580000)
  object space 309760K, 59% used [0x00000000e0000000,0x00000000eb3c9120,0x00000000f2e80000)
 Metaspace       used 118554K, capacity 126530K, committed 126720K, reserved 1159168K
  class space    used 15437K, capacity 17060K, committed 17152K, reserved 1048576K
}
Event: 503.009 GC heap before
{Heap before GC invocations=37 (full 4):
 PSYoungGen      total 150016K, used 140017K [0x00000000f5580000, 0x00000000fff00000, 0x0000000100000000)
  eden space 127488K, 99% used [0x00000000f5580000,0x00000000fd17e7c8,0x00000000fd200000)
  from space 22528K, 57% used [0x00000000fe900000,0x00000000ff5bdcb0,0x00000000fff00000)
  to   space 23040K, 0% used [0x00000000fd200000,0x00000000fd200000,0x00000000fe880000)
 ParOldGen       total 309760K, used 184100K [0x00000000e0000000, 0x00000000f2e80000, 0x00000000f5580000)
  object space 309760K, 59% used [0x00000000e0000000,0x00000000eb3c9120,0x00000000f2e80000)
 Metaspace       used 119397K, capacity 127462K, committed 127744K, reserved 1159168K
  class space    used 15456K, capacity 17102K, committed 17152K, reserved 1048576K
Event: 503.025 GC heap after
Heap after GC invocations=37 (full 4):
 PSYoungGen      total 150528K, used 10131K [0x00000000f5580000, 0x00000000ffe80000, 0x0000000100000000)
  eden space 127488K, 0% used [0x00000000f5580000,0x00000000f5580000,0x00000000fd200000)
  from space 23040K, 43% used [0x00000000fd200000,0x00000000fdbe4c90,0x00000000fe880000)
  to   space 22016K, 0% used [0x00000000fe900000,0x00000000fe900000,0x00000000ffe80000)
 ParOldGen       total 309760K, used 187850K [0x00000000e0000000, 0x00000000f2e80000, 0x00000000f5580000)
  object space 309760K, 60% used [0x00000000e0000000,0x00000000eb772bd8,0x00000000f2e80000)
 Metaspace       used 119397K, capacity 127462K, committed 127744K, reserved 1159168K
  class space    used 15456K, capacity 17102K, committed 17152K, reserved 1048576K
}
Event: 504.441 GC heap before
{Heap before GC invocations=38 (full 4):
 PSYoungGen      total 150528K, used 137619K [0x00000000f5580000, 0x00000000ffe80000, 0x0000000100000000)
  eden space 127488K, 100% used [0x00000000f5580000,0x00000000fd200000,0x00000000fd200000)
  from space 23040K, 43% used [0x00000000fd200000,0x00000000fdbe4c90,0x00000000fe880000)
  to   space 22016K, 0% used [0x00000000fe900000,0x00000000fe900000,0x00000000ffe80000)
 ParOldGen       total 309760K, used 187850K [0x00000000e0000000, 0x00000000f2e80000, 0x00000000f5580000)
  object space 309760K, 60% used [0x00000000e0000000,0x00000000eb772bd8,0x00000000f2e80000)
 Metaspace       used 128675K, capacity 136878K, committed 137088K, reserved 1167360K
  class space    used 16468K, capacity 18218K, committed 18304K, reserved 1048576K
Event: 504.455 GC heap after
Heap after GC invocations=38 (full 4):
 PSYoungGen      total 150528K, used 16326K [0x00000000f5580000, 0x0000000100000000, 0x0000000100000000)
  eden space 128512K, 0% used [0x00000000f5580000,0x00000000f5580000,0x00000000fd300000)
  from space 22016K, 74% used [0x00000000fe900000,0x00000000ff8f1860,0x00000000ffe80000)
  to   space 22528K, 0% used [0x00000000fd300000,0x00000000fd300000,0x00000000fe900000)
 ParOldGen       total 309760K, used 191012K [0x00000000e0000000, 0x00000000f2e80000, 0x00000000f5580000)
  object space 309760K, 61% used [0x00000000e0000000,0x00000000eba89210,0x00000000f2e80000)
 Metaspace       used 128675K, capacity 136878K, committed 137088K, reserved 1167360K
  class space    used 16468K, capacity 18218K, committed 18304K, reserved 1048576K
}
Event: 504.962 GC heap before
{Heap before GC invocations=39 (full 4):
 PSYoungGen      total 150528K, used 144838K [0x00000000f5580000, 0x0000000100000000, 0x0000000100000000)
  eden space 128512K, 100% used [0x00000000f5580000,0x00000000fd300000,0x00000000fd300000)
  from space 22016K, 74% used [0x00000000fe900000,0x00000000ff8f1860,0x00000000ffe80000)
  to   space 22528K, 0% used [0x00000000fd300000,0x00000000fd300000,0x00000000fe900000)
 ParOldGen       total 309760K, used 191012K [0x00000000e0000000, 0x00000000f2e80000, 0x00000000f5580000)
  object space 309760K, 61% used [0x00000000e0000000,0x00000000eba89210,0x00000000f2e80000)
 Metaspace       used 129042K, capacity 137312K, committed 137600K, reserved 1169408K
  class space    used 16491K, capacity 18253K, committed 18304K, reserved 1048576K
Event: 504.973 GC heap after
Heap after GC invocations=39 (full 4):
 PSYoungGen      total 151040K, used 5239K [0x00000000f5580000, 0x0000000100000000, 0x0000000100000000)
  eden space 128512K, 0% used [0x00000000f5580000,0x00000000f5580000,0x00000000fd300000)
  from space 22528K, 23% used [0x00000000fd300000,0x00000000fd81de50,0x00000000fe900000)
  to   space 23040K, 0% used [0x00000000fe980000,0x00000000fe980000,0x0000000100000000)
 ParOldGen       total 309760K, used 197108K [0x00000000e0000000, 0x00000000f2e80000, 0x00000000f5580000)
  object space 309760K, 63% used [0x00000000e0000000,0x00000000ec07d148,0x00000000f2e80000)
 Metaspace       used 129042K, capacity 137312K, committed 137600K, reserved 1169408K
  class space    used 16491K, capacity 18253K, committed 18304K, reserved 1048576K
}
Event: 505.355 GC heap before
{Heap before GC invocations=40 (full 4):
 PSYoungGen      total 151040K, used 133751K [0x00000000f5580000, 0x0000000100000000, 0x0000000100000000)
  eden space 128512K, 100% used [0x00000000f5580000,0x00000000fd300000,0x00000000fd300000)
  from space 22528K, 23% used [0x00000000fd300000,0x00000000fd81de50,0x00000000fe900000)
  to   space 23040K, 0% used [0x00000000fe980000,0x00000000fe980000,0x0000000100000000)
 ParOldGen       total 309760K, used 197108K [0x00000000e0000000, 0x00000000f2e80000, 0x00000000f5580000)
  object space 309760K, 63% used [0x00000000e0000000,0x00000000ec07d148,0x00000000f2e80000)
 Metaspace       used 129168K, capacity 137422K, committed 137600K, reserved 1169408K
  class space    used 16496K, capacity 18260K, committed 18304K, reserved 1048576K
Event: 505.367 GC heap after
Heap after GC invocations=40 (full 4):
 PSYoungGen      total 151552K, used 5504K [0x00000000f5580000, 0x0000000100000000, 0x0000000100000000)
  eden space 128512K, 0% used [0x00000000f5580000,0x00000000f5580000,0x00000000fd300000)
  from space 23040K, 23% used [0x00000000fe980000,0x00000000feee0000,0x0000000100000000)
  to   space 23040K, 0% used [0x00000000fd300000,0x00000000fd300000,0x00000000fe980000)
 ParOldGen       total 309760K, used 201752K [0x00000000e0000000, 0x00000000f2e80000, 0x00000000f5580000)
  object space 309760K, 65% used [0x00000000e0000000,0x00000000ec506158,0x00000000f2e80000)
 Metaspace       used 129168K, capacity 137422K, committed 137600K, reserved 1169408K
  class space    used 16496K, capacity 18260K, committed 18304K, reserved 1048576K
}

